<?xml version="1.0" encoding="UTF-8"?>
<testng-results ignored="0" total="2" passed="0" failed="2" skipped="0">
  <reporter-output>
  </reporter-output>
  <suite started-at="2022-09-29T16:44:08 IST" name="TestNG Group Test" finished-at="2022-09-29T16:44:54 IST" duration-ms="46752">
    <groups>
      <group name="Download Sample and Grid File">
        <method signature="LoginPageTest.loginTest(java.lang.String,java.lang.String)[pri:1, instance:com.figbytes.Test.LoginPageTest@35aea049]" name="loginTest" class="com.figbytes.Test.LoginPageTest"/>
        <method signature="LoginPageTest.logoutTest()[pri:10, instance:com.figbytes.Test.LoginPageTest@35aea049]" name="logoutTest" class="com.figbytes.Test.LoginPageTest"/>
      </group> <!-- Download Sample and Grid File -->
      <group name="DataEntry">
        <method signature="LoginPageTest.loginTest(java.lang.String,java.lang.String)[pri:1, instance:com.figbytes.Test.LoginPageTest@35aea049]" name="loginTest" class="com.figbytes.Test.LoginPageTest"/>
        <method signature="LoginPageTest.logoutTest()[pri:10, instance:com.figbytes.Test.LoginPageTest@35aea049]" name="logoutTest" class="com.figbytes.Test.LoginPageTest"/>
      </group> <!-- DataEntry -->
      <group name="CreateData">
        <method signature="LoginPageTest.loginTest(java.lang.String,java.lang.String)[pri:1, instance:com.figbytes.Test.LoginPageTest@35aea049]" name="loginTest" class="com.figbytes.Test.LoginPageTest"/>
        <method signature="LoginPageTest.logoutTest()[pri:10, instance:com.figbytes.Test.LoginPageTest@35aea049]" name="logoutTest" class="com.figbytes.Test.LoginPageTest"/>
      </group> <!-- CreateData -->
      <group name="DeleteData">
        <method signature="LoginPageTest.loginTest(java.lang.String,java.lang.String)[pri:1, instance:com.figbytes.Test.LoginPageTest@35aea049]" name="loginTest" class="com.figbytes.Test.LoginPageTest"/>
        <method signature="LoginPageTest.logoutTest()[pri:10, instance:com.figbytes.Test.LoginPageTest@35aea049]" name="logoutTest" class="com.figbytes.Test.LoginPageTest"/>
      </group> <!-- DeleteData -->
      <group name="UpdateData">
        <method signature="LoginPageTest.loginTest(java.lang.String,java.lang.String)[pri:1, instance:com.figbytes.Test.LoginPageTest@35aea049]" name="loginTest" class="com.figbytes.Test.LoginPageTest"/>
        <method signature="LoginPageTest.logoutTest()[pri:10, instance:com.figbytes.Test.LoginPageTest@35aea049]" name="logoutTest" class="com.figbytes.Test.LoginPageTest"/>
      </group> <!-- UpdateData -->
      <group name="Bulk Upload">
        <method signature="LoginPageTest.loginTest(java.lang.String,java.lang.String)[pri:1, instance:com.figbytes.Test.LoginPageTest@35aea049]" name="loginTest" class="com.figbytes.Test.LoginPageTest"/>
        <method signature="LoginPageTest.logoutTest()[pri:10, instance:com.figbytes.Test.LoginPageTest@35aea049]" name="logoutTest" class="com.figbytes.Test.LoginPageTest"/>
      </group> <!-- Bulk Upload -->
    </groups>
    <test started-at="2022-09-29T16:44:08 IST" name="Figbytes-Login" finished-at="2022-09-29T16:44:54 IST" duration-ms="46752">
      <class name="com.figbytes.Test.LoginPageTest">
        <test-method is-config="true" signature="beforeSuite(java.lang.String)[pri:0, instance:com.figbytes.Test.LoginPageTest@35aea049]" started-at="2022-09-29T16:44:03 IST" name="beforeSuite" finished-at="2022-09-29T16:44:08 IST" duration-ms="4899" status="PASS">
          <params>
            <param index="0">
              <value>
                <![CDATA[Chrome]]>
              </value>
            </param>
          </params>
          <reporter-output>
          </reporter-output>
        </test-method> <!-- beforeSuite -->
        <test-method signature="loginTest(java.lang.String,java.lang.String)[pri:1, instance:com.figbytes.Test.LoginPageTest@35aea049]" started-at="2022-09-29T16:44:09 IST" name="loginTest" description="Valid login scenerio with valid username and password." data-provider="getData" finished-at="2022-09-29T16:44:54 IST" duration-ms="45040" status="FAIL">
          <params>
            <param index="0">
              <value>
                <![CDATA[navya@binarysemantics.com]]>
              </value>
            </param>
            <param index="1">
              <value>
                <![CDATA[Test@1234]]>
              </value>
            </param>
          </params>
          <exception class="org.openqa.selenium.NoSuchElementException">
            <message>
              <![CDATA[no such element: Unable to locate element: {"method":"css selector","selector":"#ctl00_lblLoggedInAs"}
  (Session info: chrome=105.0.5195.127)
For documentation on this error, please visit: https://www.seleniumhq.org/exceptions/no_such_element.html
Build info: version: '3.141.59', revision: 'e82be7d358', time: '2018-11-14T08:17:03'
System info: host: 'NAVYAPC', ip: '192.168.1.33', os.name: 'Windows 10', os.arch: 'amd64', os.version: '10.0', java.version: '17.0.4'
Driver info: org.openqa.selenium.chrome.ChromeDriver
Capabilities {acceptInsecureCerts: false, browserName: chrome, browserVersion: 105.0.5195.127, chrome: {chromedriverVersion: 105.0.5195.52 (412c95e51883..., userDataDir: C:\Users\Admin\AppData\Loca...}, goog:chromeOptions: {debuggerAddress: localhost:56969}, javascriptEnabled: true, networkConnectionEnabled: false, pageLoadStrategy: normal, platform: WINDOWS, platformName: WINDOWS, proxy: Proxy(), setWindowRect: true, strictFileInteractability: false, timeouts: {implicit: 0, pageLoad: 300000, script: 30000}, unhandledPromptBehavior: dismiss and notify, webauthn:extension:credBlob: true, webauthn:extension:largeBlob: true, webauthn:virtualAuthenticators: true}
Session ID: 9e185053425c0cbc6814a1d05e52bc8f
*** Element info: {Using=id, value=ctl00_lblLoggedInAs}]]>
            </message>
            <full-stacktrace>
              <![CDATA[org.openqa.selenium.NoSuchElementException: no such element: Unable to locate element: {"method":"css selector","selector":"#ctl00_lblLoggedInAs"}
  (Session info: chrome=105.0.5195.127)
For documentation on this error, please visit: https://www.seleniumhq.org/exceptions/no_such_element.html
Build info: version: '3.141.59', revision: 'e82be7d358', time: '2018-11-14T08:17:03'
System info: host: 'NAVYAPC', ip: '192.168.1.33', os.name: 'Windows 10', os.arch: 'amd64', os.version: '10.0', java.version: '17.0.4'
Driver info: org.openqa.selenium.chrome.ChromeDriver
Capabilities {acceptInsecureCerts: false, browserName: chrome, browserVersion: 105.0.5195.127, chrome: {chromedriverVersion: 105.0.5195.52 (412c95e51883..., userDataDir: C:\Users\Admin\AppData\Loca...}, goog:chromeOptions: {debuggerAddress: localhost:56969}, javascriptEnabled: true, networkConnectionEnabled: false, pageLoadStrategy: normal, platform: WINDOWS, platformName: WINDOWS, proxy: Proxy(), setWindowRect: true, strictFileInteractability: false, timeouts: {implicit: 0, pageLoad: 300000, script: 30000}, unhandledPromptBehavior: dismiss and notify, webauthn:extension:credBlob: true, webauthn:extension:largeBlob: true, webauthn:virtualAuthenticators: true}
Session ID: 9e185053425c0cbc6814a1d05e52bc8f
*** Element info: {Using=id, value=ctl00_lblLoggedInAs}
at java.base/jdk.internal.reflect.NativeConstructorAccessorImpl.newInstance0(Native Method)
at java.base/jdk.internal.reflect.NativeConstructorAccessorImpl.newInstance(NativeConstructorAccessorImpl.java:77)
at java.base/jdk.internal.reflect.DelegatingConstructorAccessorImpl.newInstance(DelegatingConstructorAccessorImpl.java:45)
at java.base/java.lang.reflect.Constructor.newInstanceWithCaller(Constructor.java:499)
at java.base/java.lang.reflect.Constructor.newInstance(Constructor.java:480)
at org.openqa.selenium.remote.http.W3CHttpResponseCodec.createException(W3CHttpResponseCodec.java:187)
at org.openqa.selenium.remote.http.W3CHttpResponseCodec.decode(W3CHttpResponseCodec.java:122)
at org.openqa.selenium.remote.http.W3CHttpResponseCodec.decode(W3CHttpResponseCodec.java:49)
at org.openqa.selenium.remote.HttpCommandExecutor.execute(HttpCommandExecutor.java:158)
at org.openqa.selenium.remote.service.DriverCommandExecutor.execute(DriverCommandExecutor.java:83)
at org.openqa.selenium.remote.RemoteWebDriver.execute(RemoteWebDriver.java:552)
at org.openqa.selenium.remote.RemoteWebDriver.findElement(RemoteWebDriver.java:323)
at org.openqa.selenium.remote.RemoteWebDriver.findElementById(RemoteWebDriver.java:372)
at org.openqa.selenium.By$ById.findElement(By.java:188)
at org.openqa.selenium.remote.RemoteWebDriver.findElement(RemoteWebDriver.java:315)
at org.openqa.selenium.support.pagefactory.DefaultElementLocator.findElement(DefaultElementLocator.java:69)
at org.openqa.selenium.support.pagefactory.internal.LocatingElementHandler.invoke(LocatingElementHandler.java:38)
at jdk.proxy2/jdk.proxy2.$Proxy29.isDisplayed(Unknown Source)
at com.figbytes.PageObject.LoginPage.Verify_the_Login_page_functionality(LoginPage.java:75)
at com.figbytes.Test.LoginPageTest.loginTest(LoginPageTest.java:35)
at java.base/jdk.internal.reflect.NativeMethodAccessorImpl.invoke0(Native Method)
at java.base/jdk.internal.reflect.NativeMethodAccessorImpl.invoke(NativeMethodAccessorImpl.java:77)
at java.base/jdk.internal.reflect.DelegatingMethodAccessorImpl.invoke(DelegatingMethodAccessorImpl.java:43)
at java.base/java.lang.reflect.Method.invoke(Method.java:568)
at org.testng.internal.MethodInvocationHelper.invokeMethod(MethodInvocationHelper.java:133)
at org.testng.internal.TestInvoker.invokeMethod(TestInvoker.java:598)
at org.testng.internal.TestInvoker.invokeTestMethod(TestInvoker.java:173)
at org.testng.internal.MethodRunner.runInSequence(MethodRunner.java:46)
at org.testng.internal.TestInvoker$MethodInvocationAgent.invoke(TestInvoker.java:824)
at org.testng.internal.TestInvoker.invokeTestMethods(TestInvoker.java:146)
at org.testng.internal.TestMethodWorker.invokeTestMethods(TestMethodWorker.java:146)
at org.testng.internal.TestMethodWorker.run(TestMethodWorker.java:128)
at java.base/java.util.ArrayList.forEach(ArrayList.java:1511)
at org.testng.TestRunner.privateRun(TestRunner.java:794)
at org.testng.TestRunner.run(TestRunner.java:596)
at org.testng.SuiteRunner.runTest(SuiteRunner.java:377)
at org.testng.SuiteRunner.runSequentially(SuiteRunner.java:371)
at org.testng.SuiteRunner.privateRun(SuiteRunner.java:332)
at org.testng.SuiteRunner.run(SuiteRunner.java:276)
at org.testng.SuiteRunnerWorker.runSuite(SuiteRunnerWorker.java:53)
at org.testng.SuiteRunnerWorker.run(SuiteRunnerWorker.java:96)
at org.testng.TestNG.runSuitesSequentially(TestNG.java:1212)
at org.testng.TestNG.runSuitesLocally(TestNG.java:1134)
at org.testng.TestNG.runSuites(TestNG.java:1063)
at org.testng.TestNG.run(TestNG.java:1031)
at org.testng.remote.AbstractRemoteTestNG.run(AbstractRemoteTestNG.java:115)
at org.testng.remote.RemoteTestNG.initAndRun(RemoteTestNG.java:251)
at org.testng.remote.RemoteTestNG.main(RemoteTestNG.java:77)
]]>
            </full-stacktrace>
          </exception> <!-- org.openqa.selenium.NoSuchElementException -->
          <reporter-output>
          </reporter-output>
        </test-method> <!-- loginTest -->
        <test-method signature="logoutTest()[pri:10, instance:com.figbytes.Test.LoginPageTest@35aea049]" started-at="2022-09-29T16:44:54 IST" name="logoutTest" description="This is for logout test case." finished-at="2022-09-29T16:44:54 IST" duration-ms="12" status="FAIL">
          <exception class="java.lang.NullPointerException">
            <full-stacktrace>
              <![CDATA[java.lang.NullPointerException
at java.base/java.util.Objects.requireNonNull(Objects.java:208)
at org.openqa.selenium.support.ui.FluentWait.<init>(FluentWait.java:106)
at org.openqa.selenium.support.ui.WebDriverWait.<init>(WebDriverWait.java:85)
at org.openqa.selenium.support.ui.WebDriverWait.<init>(WebDriverWait.java:45)
at com.figbytes.Utilities.CommonMethods.explicitWaitByVisibilityOfElement(CommonMethods.java:154)
at com.figbytes.PageObject.LoginPage.logOut(LoginPage.java:82)
at com.figbytes.Test.LoginPageTest.logoutTest(LoginPageTest.java:47)
at java.base/jdk.internal.reflect.NativeMethodAccessorImpl.invoke0(Native Method)
at java.base/jdk.internal.reflect.NativeMethodAccessorImpl.invoke(NativeMethodAccessorImpl.java:77)
at java.base/jdk.internal.reflect.DelegatingMethodAccessorImpl.invoke(DelegatingMethodAccessorImpl.java:43)
at java.base/java.lang.reflect.Method.invoke(Method.java:568)
at org.testng.internal.MethodInvocationHelper.invokeMethod(MethodInvocationHelper.java:133)
at org.testng.internal.TestInvoker.invokeMethod(TestInvoker.java:598)
at org.testng.internal.TestInvoker.invokeTestMethod(TestInvoker.java:173)
at org.testng.internal.MethodRunner.runInSequence(MethodRunner.java:46)
at org.testng.internal.TestInvoker$MethodInvocationAgent.invoke(TestInvoker.java:824)
at org.testng.internal.TestInvoker.invokeTestMethods(TestInvoker.java:146)
at org.testng.internal.TestMethodWorker.invokeTestMethods(TestMethodWorker.java:146)
at org.testng.internal.TestMethodWorker.run(TestMethodWorker.java:128)
at java.base/java.util.ArrayList.forEach(ArrayList.java:1511)
at org.testng.TestRunner.privateRun(TestRunner.java:794)
at org.testng.TestRunner.run(TestRunner.java:596)
at org.testng.SuiteRunner.runTest(SuiteRunner.java:377)
at org.testng.SuiteRunner.runSequentially(SuiteRunner.java:371)
at org.testng.SuiteRunner.privateRun(SuiteRunner.java:332)
at org.testng.SuiteRunner.run(SuiteRunner.java:276)
at org.testng.SuiteRunnerWorker.runSuite(SuiteRunnerWorker.java:53)
at org.testng.SuiteRunnerWorker.run(SuiteRunnerWorker.java:96)
at org.testng.TestNG.runSuitesSequentially(TestNG.java:1212)
at org.testng.TestNG.runSuitesLocally(TestNG.java:1134)
at org.testng.TestNG.runSuites(TestNG.java:1063)
at org.testng.TestNG.run(TestNG.java:1031)
at org.testng.remote.AbstractRemoteTestNG.run(AbstractRemoteTestNG.java:115)
at org.testng.remote.RemoteTestNG.initAndRun(RemoteTestNG.java:251)
at org.testng.remote.RemoteTestNG.main(RemoteTestNG.java:77)
]]>
            </full-stacktrace>
          </exception> <!-- java.lang.NullPointerException -->
          <reporter-output>
          </reporter-output>
        </test-method> <!-- logoutTest -->
        <test-method is-config="true" signature="afterSuite()[pri:0, instance:com.figbytes.Test.LoginPageTest@35aea049]" started-at="2022-09-29T16:44:55 IST" name="afterSuite" finished-at="2022-09-29T16:45:57 IST" duration-ms="62107" status="PASS">
          <reporter-output>
          </reporter-output>
        </test-method> <!-- afterSuite -->
      </class> <!-- com.figbytes.Test.LoginPageTest -->
    </test> <!-- Figbytes-Login -->
  </suite> <!-- TestNG Group Test -->
</testng-results>
